<?xml version="1.0" encoding="UTF-8"?>
<testsuite xmlns:xsi="http://www.w3.org/2001/XMLSchema-instance" xsi:noNamespaceSchemaLocation="https://maven.apache.org/surefire/maven-surefire-plugin/xsd/surefire-test-report.xsd" name="ma.kamal.consumingrest.ApplicationTest" time="2.12" tests="1" errors="0" skipped="0" failures="0">
  <properties>
    <property name="sun.desktop" value="windows"/>
    <property name="awt.toolkit" value="sun.awt.windows.WToolkit"/>
    <property name="file.encoding.pkg" value="sun.io"/>
    <property name="java.specification.version" value="1.8"/>
    <property name="sun.cpu.isalist" value="amd64"/>
    <property name="sun.jnu.encoding" value="Cp1252"/>
    <property name="java.class.path" value="C:\Users\G522982\Desktop\formation_devops\projects\twomicroservice\gs-rest-consuming\target\test-classes;C:\Users\G522982\Desktop\formation_devops\projects\twomicroservice\gs-rest-consuming\target\classes;C:\Users\G522982\.m2\repositorydevops\org\springframework\boot\spring-boot-starter-web\2.1.7.RELEASE\spring-boot-starter-web-2.1.7.RELEASE.jar;C:\Users\G522982\.m2\repositorydevops\org\springframework\boot\spring-boot-starter\2.1.7.RELEASE\spring-boot-starter-2.1.7.RELEASE.jar;C:\Users\G522982\.m2\repositorydevops\org\springframework\boot\spring-boot\2.1.7.RELEASE\spring-boot-2.1.7.RELEASE.jar;C:\Users\G522982\.m2\repositorydevops\org\springframework\boot\spring-boot-autoconfigure\2.1.7.RELEASE\spring-boot-autoconfigure-2.1.7.RELEASE.jar;C:\Users\G522982\.m2\repositorydevops\org\springframework\boot\spring-boot-starter-logging\2.1.7.RELEASE\spring-boot-starter-logging-2.1.7.RELEASE.jar;C:\Users\G522982\.m2\repositorydevops\ch\qos\logback\logback-classic\1.2.3\logback-classic-1.2.3.jar;C:\Users\G522982\.m2\repositorydevops\ch\qos\logback\logback-core\1.2.3\logback-core-1.2.3.jar;C:\Users\G522982\.m2\repositorydevops\org\apache\logging\log4j\log4j-to-slf4j\2.11.2\log4j-to-slf4j-2.11.2.jar;C:\Users\G522982\.m2\repositorydevops\org\apache\logging\log4j\log4j-api\2.11.2\log4j-api-2.11.2.jar;C:\Users\G522982\.m2\repositorydevops\org\slf4j\jul-to-slf4j\1.7.26\jul-to-slf4j-1.7.26.jar;C:\Users\G522982\.m2\repositorydevops\javax\annotation\javax.annotation-api\1.3.2\javax.annotation-api-1.3.2.jar;C:\Users\G522982\.m2\repositorydevops\org\yaml\snakeyaml\1.23\snakeyaml-1.23.jar;C:\Users\G522982\.m2\repositorydevops\org\springframework\boot\spring-boot-starter-json\2.1.7.RELEASE\spring-boot-starter-json-2.1.7.RELEASE.jar;C:\Users\G522982\.m2\repositorydevops\com\fasterxml\jackson\core\jackson-databind\2.9.9\jackson-databind-2.9.9.jar;C:\Users\G522982\.m2\repositorydevops\com\fasterxml\jackson\core\jackson-annotations\2.9.0\jackson-annotations-2.9.0.jar;C:\Users\G522982\.m2\repositorydevops\com\fasterxml\jackson\core\jackson-core\2.9.9\jackson-core-2.9.9.jar;C:\Users\G522982\.m2\repositorydevops\com\fasterxml\jackson\datatype\jackson-datatype-jdk8\2.9.9\jackson-datatype-jdk8-2.9.9.jar;C:\Users\G522982\.m2\repositorydevops\com\fasterxml\jackson\datatype\jackson-datatype-jsr310\2.9.9\jackson-datatype-jsr310-2.9.9.jar;C:\Users\G522982\.m2\repositorydevops\com\fasterxml\jackson\module\jackson-module-parameter-names\2.9.9\jackson-module-parameter-names-2.9.9.jar;C:\Users\G522982\.m2\repositorydevops\org\springframework\boot\spring-boot-starter-tomcat\2.1.7.RELEASE\spring-boot-starter-tomcat-2.1.7.RELEASE.jar;C:\Users\G522982\.m2\repositorydevops\org\apache\tomcat\embed\tomcat-embed-core\9.0.22\tomcat-embed-core-9.0.22.jar;C:\Users\G522982\.m2\repositorydevops\org\apache\tomcat\embed\tomcat-embed-el\9.0.22\tomcat-embed-el-9.0.22.jar;C:\Users\G522982\.m2\repositorydevops\org\apache\tomcat\embed\tomcat-embed-websocket\9.0.22\tomcat-embed-websocket-9.0.22.jar;C:\Users\G522982\.m2\repositorydevops\org\hibernate\validator\hibernate-validator\6.0.17.Final\hibernate-validator-6.0.17.Final.jar;C:\Users\G522982\.m2\repositorydevops\javax\validation\validation-api\2.0.1.Final\validation-api-2.0.1.Final.jar;C:\Users\G522982\.m2\repositorydevops\org\jboss\logging\jboss-logging\3.3.2.Final\jboss-logging-3.3.2.Final.jar;C:\Users\G522982\.m2\repositorydevops\com\fasterxml\classmate\1.4.0\classmate-1.4.0.jar;C:\Users\G522982\.m2\repositorydevops\org\springframework\spring-web\5.1.9.RELEASE\spring-web-5.1.9.RELEASE.jar;C:\Users\G522982\.m2\repositorydevops\org\springframework\spring-beans\5.1.9.RELEASE\spring-beans-5.1.9.RELEASE.jar;C:\Users\G522982\.m2\repositorydevops\org\springframework\spring-webmvc\5.1.9.RELEASE\spring-webmvc-5.1.9.RELEASE.jar;C:\Users\G522982\.m2\repositorydevops\org\springframework\spring-aop\5.1.9.RELEASE\spring-aop-5.1.9.RELEASE.jar;C:\Users\G522982\.m2\repositorydevops\org\springframework\spring-context\5.1.9.RELEASE\spring-context-5.1.9.RELEASE.jar;C:\Users\G522982\.m2\repositorydevops\org\springframework\spring-expression\5.1.9.RELEASE\spring-expression-5.1.9.RELEASE.jar;C:\Users\G522982\.m2\repositorydevops\org\springframework\boot\spring-boot-starter-test\2.1.7.RELEASE\spring-boot-starter-test-2.1.7.RELEASE.jar;C:\Users\G522982\.m2\repositorydevops\org\springframework\boot\spring-boot-test\2.1.7.RELEASE\spring-boot-test-2.1.7.RELEASE.jar;C:\Users\G522982\.m2\repositorydevops\org\springframework\boot\spring-boot-test-autoconfigure\2.1.7.RELEASE\spring-boot-test-autoconfigure-2.1.7.RELEASE.jar;C:\Users\G522982\.m2\repositorydevops\com\jayway\jsonpath\json-path\2.4.0\json-path-2.4.0.jar;C:\Users\G522982\.m2\repositorydevops\net\minidev\json-smart\2.3\json-smart-2.3.jar;C:\Users\G522982\.m2\repositorydevops\net\minidev\accessors-smart\1.2\accessors-smart-1.2.jar;C:\Users\G522982\.m2\repositorydevops\org\ow2\asm\asm\5.0.4\asm-5.0.4.jar;C:\Users\G522982\.m2\repositorydevops\org\slf4j\slf4j-api\1.7.26\slf4j-api-1.7.26.jar;C:\Users\G522982\.m2\repositorydevops\junit\junit\4.12\junit-4.12.jar;C:\Users\G522982\.m2\repositorydevops\org\assertj\assertj-core\3.11.1\assertj-core-3.11.1.jar;C:\Users\G522982\.m2\repositorydevops\org\mockito\mockito-core\2.23.4\mockito-core-2.23.4.jar;C:\Users\G522982\.m2\repositorydevops\net\bytebuddy\byte-buddy\1.9.16\byte-buddy-1.9.16.jar;C:\Users\G522982\.m2\repositorydevops\net\bytebuddy\byte-buddy-agent\1.9.16\byte-buddy-agent-1.9.16.jar;C:\Users\G522982\.m2\repositorydevops\org\objenesis\objenesis\2.6\objenesis-2.6.jar;C:\Users\G522982\.m2\repositorydevops\org\hamcrest\hamcrest-core\1.3\hamcrest-core-1.3.jar;C:\Users\G522982\.m2\repositorydevops\org\hamcrest\hamcrest-library\1.3\hamcrest-library-1.3.jar;C:\Users\G522982\.m2\repositorydevops\org\skyscreamer\jsonassert\1.5.0\jsonassert-1.5.0.jar;C:\Users\G522982\.m2\repositorydevops\com\vaadin\external\google\android-json\0.0.20131108.vaadin1\android-json-0.0.20131108.vaadin1.jar;C:\Users\G522982\.m2\repositorydevops\org\springframework\spring-core\5.1.9.RELEASE\spring-core-5.1.9.RELEASE.jar;C:\Users\G522982\.m2\repositorydevops\org\springframework\spring-jcl\5.1.9.RELEASE\spring-jcl-5.1.9.RELEASE.jar;C:\Users\G522982\.m2\repositorydevops\org\springframework\spring-test\5.1.9.RELEASE\spring-test-5.1.9.RELEASE.jar;C:\Users\G522982\.m2\repositorydevops\org\xmlunit\xmlunit-core\2.6.3\xmlunit-core-2.6.3.jar;"/>
    <property name="java.vm.vendor" value="Oracle Corporation"/>
    <property name="sun.arch.data.model" value="64"/>
    <property name="user.variant" value=""/>
    <property name="java.vendor.url" value="http://java.oracle.com/"/>
    <property name="user.timezone" value="Africa/Casablanca"/>
    <property name="java.vm.specification.version" value="1.8"/>
    <property name="os.name" value="Windows 10"/>
    <property name="user.country" value="FR"/>
    <property name="sun.java.launcher" value="SUN_STANDARD"/>
    <property name="sun.boot.library.path" value="C:\Users\G522982\tools\jdk1.8.0_181\jre\bin"/>
    <property name="sun.java.command" value="C:\Users\G522982\AppData\Local\Temp\surefire8135862533947659296\surefirebooter7885676782412534715.jar C:\Users\G522982\AppData\Local\Temp\surefire8135862533947659296 2019-11-20T15-58-24_401-jvmRun1 surefire3564272271155501712tmp surefire_05703021848941398929tmp"/>
    <property name="surefire.test.class.path" value="C:\Users\G522982\Desktop\formation_devops\projects\twomicroservice\gs-rest-consuming\target\test-classes;C:\Users\G522982\Desktop\formation_devops\projects\twomicroservice\gs-rest-consuming\target\classes;C:\Users\G522982\.m2\repositorydevops\org\springframework\boot\spring-boot-starter-web\2.1.7.RELEASE\spring-boot-starter-web-2.1.7.RELEASE.jar;C:\Users\G522982\.m2\repositorydevops\org\springframework\boot\spring-boot-starter\2.1.7.RELEASE\spring-boot-starter-2.1.7.RELEASE.jar;C:\Users\G522982\.m2\repositorydevops\org\springframework\boot\spring-boot\2.1.7.RELEASE\spring-boot-2.1.7.RELEASE.jar;C:\Users\G522982\.m2\repositorydevops\org\springframework\boot\spring-boot-autoconfigure\2.1.7.RELEASE\spring-boot-autoconfigure-2.1.7.RELEASE.jar;C:\Users\G522982\.m2\repositorydevops\org\springframework\boot\spring-boot-starter-logging\2.1.7.RELEASE\spring-boot-starter-logging-2.1.7.RELEASE.jar;C:\Users\G522982\.m2\repositorydevops\ch\qos\logback\logback-classic\1.2.3\logback-classic-1.2.3.jar;C:\Users\G522982\.m2\repositorydevops\ch\qos\logback\logback-core\1.2.3\logback-core-1.2.3.jar;C:\Users\G522982\.m2\repositorydevops\org\apache\logging\log4j\log4j-to-slf4j\2.11.2\log4j-to-slf4j-2.11.2.jar;C:\Users\G522982\.m2\repositorydevops\org\apache\logging\log4j\log4j-api\2.11.2\log4j-api-2.11.2.jar;C:\Users\G522982\.m2\repositorydevops\org\slf4j\jul-to-slf4j\1.7.26\jul-to-slf4j-1.7.26.jar;C:\Users\G522982\.m2\repositorydevops\javax\annotation\javax.annotation-api\1.3.2\javax.annotation-api-1.3.2.jar;C:\Users\G522982\.m2\repositorydevops\org\yaml\snakeyaml\1.23\snakeyaml-1.23.jar;C:\Users\G522982\.m2\repositorydevops\org\springframework\boot\spring-boot-starter-json\2.1.7.RELEASE\spring-boot-starter-json-2.1.7.RELEASE.jar;C:\Users\G522982\.m2\repositorydevops\com\fasterxml\jackson\core\jackson-databind\2.9.9\jackson-databind-2.9.9.jar;C:\Users\G522982\.m2\repositorydevops\com\fasterxml\jackson\core\jackson-annotations\2.9.0\jackson-annotations-2.9.0.jar;C:\Users\G522982\.m2\repositorydevops\com\fasterxml\jackson\core\jackson-core\2.9.9\jackson-core-2.9.9.jar;C:\Users\G522982\.m2\repositorydevops\com\fasterxml\jackson\datatype\jackson-datatype-jdk8\2.9.9\jackson-datatype-jdk8-2.9.9.jar;C:\Users\G522982\.m2\repositorydevops\com\fasterxml\jackson\datatype\jackson-datatype-jsr310\2.9.9\jackson-datatype-jsr310-2.9.9.jar;C:\Users\G522982\.m2\repositorydevops\com\fasterxml\jackson\module\jackson-module-parameter-names\2.9.9\jackson-module-parameter-names-2.9.9.jar;C:\Users\G522982\.m2\repositorydevops\org\springframework\boot\spring-boot-starter-tomcat\2.1.7.RELEASE\spring-boot-starter-tomcat-2.1.7.RELEASE.jar;C:\Users\G522982\.m2\repositorydevops\org\apache\tomcat\embed\tomcat-embed-core\9.0.22\tomcat-embed-core-9.0.22.jar;C:\Users\G522982\.m2\repositorydevops\org\apache\tomcat\embed\tomcat-embed-el\9.0.22\tomcat-embed-el-9.0.22.jar;C:\Users\G522982\.m2\repositorydevops\org\apache\tomcat\embed\tomcat-embed-websocket\9.0.22\tomcat-embed-websocket-9.0.22.jar;C:\Users\G522982\.m2\repositorydevops\org\hibernate\validator\hibernate-validator\6.0.17.Final\hibernate-validator-6.0.17.Final.jar;C:\Users\G522982\.m2\repositorydevops\javax\validation\validation-api\2.0.1.Final\validation-api-2.0.1.Final.jar;C:\Users\G522982\.m2\repositorydevops\org\jboss\logging\jboss-logging\3.3.2.Final\jboss-logging-3.3.2.Final.jar;C:\Users\G522982\.m2\repositorydevops\com\fasterxml\classmate\1.4.0\classmate-1.4.0.jar;C:\Users\G522982\.m2\repositorydevops\org\springframework\spring-web\5.1.9.RELEASE\spring-web-5.1.9.RELEASE.jar;C:\Users\G522982\.m2\repositorydevops\org\springframework\spring-beans\5.1.9.RELEASE\spring-beans-5.1.9.RELEASE.jar;C:\Users\G522982\.m2\repositorydevops\org\springframework\spring-webmvc\5.1.9.RELEASE\spring-webmvc-5.1.9.RELEASE.jar;C:\Users\G522982\.m2\repositorydevops\org\springframework\spring-aop\5.1.9.RELEASE\spring-aop-5.1.9.RELEASE.jar;C:\Users\G522982\.m2\repositorydevops\org\springframework\spring-context\5.1.9.RELEASE\spring-context-5.1.9.RELEASE.jar;C:\Users\G522982\.m2\repositorydevops\org\springframework\spring-expression\5.1.9.RELEASE\spring-expression-5.1.9.RELEASE.jar;C:\Users\G522982\.m2\repositorydevops\org\springframework\boot\spring-boot-starter-test\2.1.7.RELEASE\spring-boot-starter-test-2.1.7.RELEASE.jar;C:\Users\G522982\.m2\repositorydevops\org\springframework\boot\spring-boot-test\2.1.7.RELEASE\spring-boot-test-2.1.7.RELEASE.jar;C:\Users\G522982\.m2\repositorydevops\org\springframework\boot\spring-boot-test-autoconfigure\2.1.7.RELEASE\spring-boot-test-autoconfigure-2.1.7.RELEASE.jar;C:\Users\G522982\.m2\repositorydevops\com\jayway\jsonpath\json-path\2.4.0\json-path-2.4.0.jar;C:\Users\G522982\.m2\repositorydevops\net\minidev\json-smart\2.3\json-smart-2.3.jar;C:\Users\G522982\.m2\repositorydevops\net\minidev\accessors-smart\1.2\accessors-smart-1.2.jar;C:\Users\G522982\.m2\repositorydevops\org\ow2\asm\asm\5.0.4\asm-5.0.4.jar;C:\Users\G522982\.m2\repositorydevops\org\slf4j\slf4j-api\1.7.26\slf4j-api-1.7.26.jar;C:\Users\G522982\.m2\repositorydevops\junit\junit\4.12\junit-4.12.jar;C:\Users\G522982\.m2\repositorydevops\org\assertj\assertj-core\3.11.1\assertj-core-3.11.1.jar;C:\Users\G522982\.m2\repositorydevops\org\mockito\mockito-core\2.23.4\mockito-core-2.23.4.jar;C:\Users\G522982\.m2\repositorydevops\net\bytebuddy\byte-buddy\1.9.16\byte-buddy-1.9.16.jar;C:\Users\G522982\.m2\repositorydevops\net\bytebuddy\byte-buddy-agent\1.9.16\byte-buddy-agent-1.9.16.jar;C:\Users\G522982\.m2\repositorydevops\org\objenesis\objenesis\2.6\objenesis-2.6.jar;C:\Users\G522982\.m2\repositorydevops\org\hamcrest\hamcrest-core\1.3\hamcrest-core-1.3.jar;C:\Users\G522982\.m2\repositorydevops\org\hamcrest\hamcrest-library\1.3\hamcrest-library-1.3.jar;C:\Users\G522982\.m2\repositorydevops\org\skyscreamer\jsonassert\1.5.0\jsonassert-1.5.0.jar;C:\Users\G522982\.m2\repositorydevops\com\vaadin\external\google\android-json\0.0.20131108.vaadin1\android-json-0.0.20131108.vaadin1.jar;C:\Users\G522982\.m2\repositorydevops\org\springframework\spring-core\5.1.9.RELEASE\spring-core-5.1.9.RELEASE.jar;C:\Users\G522982\.m2\repositorydevops\org\springframework\spring-jcl\5.1.9.RELEASE\spring-jcl-5.1.9.RELEASE.jar;C:\Users\G522982\.m2\repositorydevops\org\springframework\spring-test\5.1.9.RELEASE\spring-test-5.1.9.RELEASE.jar;C:\Users\G522982\.m2\repositorydevops\org\xmlunit\xmlunit-core\2.6.3\xmlunit-core-2.6.3.jar;"/>
    <property name="sun.cpu.endian" value="little"/>
    <property name="user.home" value="C:\Users\G522982"/>
    <property name="user.language" value="fr"/>
    <property name="java.specification.vendor" value="Oracle Corporation"/>
    <property name="java.home" value="C:\Users\G522982\tools\jdk1.8.0_181\jre"/>
    <property name="basedir" value="C:\Users\G522982\Desktop\formation_devops\projects\twomicroservice\gs-rest-consuming"/>
    <property name="style.color" value="always"/>
    <property name="file.separator" value="\"/>
    <property name="line.separator" value="&#10;"/>
    <property name="java.vm.specification.vendor" value="Oracle Corporation"/>
    <property name="java.specification.name" value="Java Platform API Specification"/>
    <property name="java.awt.graphicsenv" value="sun.awt.Win32GraphicsEnvironment"/>
    <property name="surefire.real.class.path" value="C:\Users\G522982\AppData\Local\Temp\surefire8135862533947659296\surefirebooter7885676782412534715.jar"/>
    <property name="sun.boot.class.path" value="C:\Users\G522982\tools\jdk1.8.0_181\jre\lib\resources.jar;C:\Users\G522982\tools\jdk1.8.0_181\jre\lib\rt.jar;C:\Users\G522982\tools\jdk1.8.0_181\jre\lib\sunrsasign.jar;C:\Users\G522982\tools\jdk1.8.0_181\jre\lib\jsse.jar;C:\Users\G522982\tools\jdk1.8.0_181\jre\lib\jce.jar;C:\Users\G522982\tools\jdk1.8.0_181\jre\lib\charsets.jar;C:\Users\G522982\tools\jdk1.8.0_181\jre\lib\jfr.jar;C:\Users\G522982\tools\jdk1.8.0_181\jre\classes"/>
    <property name="user.script" value=""/>
    <property name="sun.management.compiler" value="HotSpot 64-Bit Tiered Compilers"/>
    <property name="java.runtime.version" value="1.8.0_181-b13"/>
    <property name="user.name" value="G522982"/>
    <property name="path.separator" value=";"/>
    <property name="os.version" value="10.0"/>
    <property name="java.endorsed.dirs" value="C:\Users\G522982\tools\jdk1.8.0_181\jre\lib\endorsed"/>
    <property name="java.runtime.name" value="Java(TM) SE Runtime Environment"/>
    <property name="file.encoding" value="Cp1252"/>
    <property name="java.vm.name" value="Java HotSpot(TM) 64-Bit Server VM"/>
    <property name="localRepository" value="C:\Users\G522982\.m2\repositorydevops"/>
    <property name="java.vendor.url.bug" value="http://bugreport.sun.com/bugreport/"/>
    <property name="java.io.tmpdir" value="C:\Users\G522982\AppData\Local\Temp\"/>
    <property name="java.version" value="1.8.0_181"/>
    <property name="user.dir" value="C:\Users\G522982\Desktop\formation_devops\projects\twomicroservice\gs-rest-consuming"/>
    <property name="os.arch" value="amd64"/>
    <property name="java.vm.specification.name" value="Java Virtual Machine Specification"/>
    <property name="java.awt.printerjob" value="sun.awt.windows.WPrinterJob"/>
    <property name="sun.os.patch.level" value=""/>
    <property name="java.library.path" value="C:\Users\G522982\tools\jdk1.8.0_181\jre\bin;C:\WINDOWS\Sun\Java\bin;C:\WINDOWS\system32;C:\WINDOWS;C:/Users/G522982/tools/jdk1.8.0_181/bin/../jre/bin/server;C:/Users/G522982/tools/jdk1.8.0_181/bin/../jre/bin;C:/Users/G522982/tools/jdk1.8.0_181/bin/../jre/lib/amd64;C:\ProgramData\DockerDesktop\version-bin;C:\Program Files\Docker\Docker\Resources\bin;C:\WINDOWS\system32;C:\WINDOWS;C:\WINDOWS\System32\Wbem;C:\WINDOWS\System32\WindowsPowerShell\v1.0\;C:\WINDOWS\System32\OpenSSH\;C:\Users\G522982\tools\apache-maven-3.5.4\bin;C:\Users\G522982\tools\jdk1.8.0_181\bin;C:\Program Files\Git\cmd;C:\Users\G522982\tools\cmder_mini\Cmder.exe;C:\Users\G522982\tools\apache-ant-1.10.6\bin;C:\Program Files\TortoiseSVN\bin;C:\Program Files\nodejs\;C:\Users\G522982\AppData\Local\Microsoft\WindowsApps;C:\Users\G522982\AppData\Local\Programs\Microsoft VS Code\bin;C:\Users\G522982\AppData\Local\Programs\Fiddler;C:\Users\G522982\tools\cmder_mini\bin;C:\Users\G522982\AppData\Local\atom\bin;C:\Users\G522982\AppData\Roaming\npm;C:\Users\G522982\tools\sts\sts-4.4.0.RELEASE;;."/>
    <property name="java.vm.info" value="mixed mode"/>
    <property name="java.vendor" value="Oracle Corporation"/>
    <property name="java.vm.version" value="25.181-b13"/>
    <property name="java.ext.dirs" value="C:\Users\G522982\tools\jdk1.8.0_181\jre\lib\ext;C:\WINDOWS\Sun\Java\lib\ext"/>
    <property name="sun.io.unicode.encoding" value="UnicodeLittle"/>
    <property name="java.class.version" value="52.0"/>
  </properties>
  <testcase name="contextLoads" classname="ma.kamal.consumingrest.ApplicationTest" time="0.251"/>
</testsuite>