<?xml version="1.0" encoding="UTF-8"?>
<testsuite xmlns:xsi="http://www.w3.org/2001/XMLSchema-instance" xsi:noNamespaceSchemaLocation="https://maven.apache.org/surefire/maven-surefire-plugin/xsd/surefire-test-report.xsd" name="ma.kamal.producerest.GreetingControllerTests" time="1.615" tests="2" errors="0" skipped="0" failures="0">
  <properties>
    <property name="sun.desktop" value="windows"/>
    <property name="awt.toolkit" value="sun.awt.windows.WToolkit"/>
    <property name="file.encoding.pkg" value="sun.io"/>
    <property name="java.specification.version" value="1.8"/>
    <property name="sun.cpu.isalist" value="amd64"/>
    <property name="sun.jnu.encoding" value="Cp1252"/>
    <property name="java.class.path" value="C:\Users\G522982\Desktop\formation_devops\projects\twomicroservice\gs-rest-service-first\target\test-classes;C:\Users\G522982\Desktop\formation_devops\projects\twomicroservice\gs-rest-service-first\target\classes;C:\Users\G522982\.m2\repositorydevops\org\springframework\boot\spring-boot-starter-web\2.2.1.RELEASE\spring-boot-starter-web-2.2.1.RELEASE.jar;C:\Users\G522982\.m2\repositorydevops\org\springframework\boot\spring-boot-starter\2.2.1.RELEASE\spring-boot-starter-2.2.1.RELEASE.jar;C:\Users\G522982\.m2\repositorydevops\org\springframework\boot\spring-boot\2.2.1.RELEASE\spring-boot-2.2.1.RELEASE.jar;C:\Users\G522982\.m2\repositorydevops\org\springframework\boot\spring-boot-autoconfigure\2.2.1.RELEASE\spring-boot-autoconfigure-2.2.1.RELEASE.jar;C:\Users\G522982\.m2\repositorydevops\org\springframework\boot\spring-boot-starter-logging\2.2.1.RELEASE\spring-boot-starter-logging-2.2.1.RELEASE.jar;C:\Users\G522982\.m2\repositorydevops\ch\qos\logback\logback-classic\1.2.3\logback-classic-1.2.3.jar;C:\Users\G522982\.m2\repositorydevops\ch\qos\logback\logback-core\1.2.3\logback-core-1.2.3.jar;C:\Users\G522982\.m2\repositorydevops\org\apache\logging\log4j\log4j-to-slf4j\2.12.1\log4j-to-slf4j-2.12.1.jar;C:\Users\G522982\.m2\repositorydevops\org\apache\logging\log4j\log4j-api\2.12.1\log4j-api-2.12.1.jar;C:\Users\G522982\.m2\repositorydevops\org\slf4j\jul-to-slf4j\1.7.29\jul-to-slf4j-1.7.29.jar;C:\Users\G522982\.m2\repositorydevops\jakarta\annotation\jakarta.annotation-api\1.3.5\jakarta.annotation-api-1.3.5.jar;C:\Users\G522982\.m2\repositorydevops\org\yaml\snakeyaml\1.25\snakeyaml-1.25.jar;C:\Users\G522982\.m2\repositorydevops\org\springframework\boot\spring-boot-starter-json\2.2.1.RELEASE\spring-boot-starter-json-2.2.1.RELEASE.jar;C:\Users\G522982\.m2\repositorydevops\com\fasterxml\jackson\core\jackson-databind\2.10.0\jackson-databind-2.10.0.jar;C:\Users\G522982\.m2\repositorydevops\com\fasterxml\jackson\core\jackson-annotations\2.10.0\jackson-annotations-2.10.0.jar;C:\Users\G522982\.m2\repositorydevops\com\fasterxml\jackson\core\jackson-core\2.10.0\jackson-core-2.10.0.jar;C:\Users\G522982\.m2\repositorydevops\com\fasterxml\jackson\datatype\jackson-datatype-jdk8\2.10.0\jackson-datatype-jdk8-2.10.0.jar;C:\Users\G522982\.m2\repositorydevops\com\fasterxml\jackson\datatype\jackson-datatype-jsr310\2.10.0\jackson-datatype-jsr310-2.10.0.jar;C:\Users\G522982\.m2\repositorydevops\com\fasterxml\jackson\module\jackson-module-parameter-names\2.10.0\jackson-module-parameter-names-2.10.0.jar;C:\Users\G522982\.m2\repositorydevops\org\springframework\boot\spring-boot-starter-tomcat\2.2.1.RELEASE\spring-boot-starter-tomcat-2.2.1.RELEASE.jar;C:\Users\G522982\.m2\repositorydevops\org\apache\tomcat\embed\tomcat-embed-core\9.0.27\tomcat-embed-core-9.0.27.jar;C:\Users\G522982\.m2\repositorydevops\org\apache\tomcat\embed\tomcat-embed-el\9.0.27\tomcat-embed-el-9.0.27.jar;C:\Users\G522982\.m2\repositorydevops\org\apache\tomcat\embed\tomcat-embed-websocket\9.0.27\tomcat-embed-websocket-9.0.27.jar;C:\Users\G522982\.m2\repositorydevops\org\springframework\boot\spring-boot-starter-validation\2.2.1.RELEASE\spring-boot-starter-validation-2.2.1.RELEASE.jar;C:\Users\G522982\.m2\repositorydevops\jakarta\validation\jakarta.validation-api\2.0.1\jakarta.validation-api-2.0.1.jar;C:\Users\G522982\.m2\repositorydevops\org\hibernate\validator\hibernate-validator\6.0.18.Final\hibernate-validator-6.0.18.Final.jar;C:\Users\G522982\.m2\repositorydevops\org\jboss\logging\jboss-logging\3.4.1.Final\jboss-logging-3.4.1.Final.jar;C:\Users\G522982\.m2\repositorydevops\com\fasterxml\classmate\1.5.1\classmate-1.5.1.jar;C:\Users\G522982\.m2\repositorydevops\org\springframework\spring-web\5.2.1.RELEASE\spring-web-5.2.1.RELEASE.jar;C:\Users\G522982\.m2\repositorydevops\org\springframework\spring-beans\5.2.1.RELEASE\spring-beans-5.2.1.RELEASE.jar;C:\Users\G522982\.m2\repositorydevops\org\springframework\spring-webmvc\5.2.1.RELEASE\spring-webmvc-5.2.1.RELEASE.jar;C:\Users\G522982\.m2\repositorydevops\org\springframework\spring-aop\5.2.1.RELEASE\spring-aop-5.2.1.RELEASE.jar;C:\Users\G522982\.m2\repositorydevops\org\springframework\spring-context\5.2.1.RELEASE\spring-context-5.2.1.RELEASE.jar;C:\Users\G522982\.m2\repositorydevops\org\springframework\spring-expression\5.2.1.RELEASE\spring-expression-5.2.1.RELEASE.jar;C:\Users\G522982\.m2\repositorydevops\org\springframework\boot\spring-boot-starter-test\2.2.1.RELEASE\spring-boot-starter-test-2.2.1.RELEASE.jar;C:\Users\G522982\.m2\repositorydevops\org\springframework\boot\spring-boot-test\2.2.1.RELEASE\spring-boot-test-2.2.1.RELEASE.jar;C:\Users\G522982\.m2\repositorydevops\org\springframework\boot\spring-boot-test-autoconfigure\2.2.1.RELEASE\spring-boot-test-autoconfigure-2.2.1.RELEASE.jar;C:\Users\G522982\.m2\repositorydevops\jakarta\xml\bind\jakarta.xml.bind-api\2.3.2\jakarta.xml.bind-api-2.3.2.jar;C:\Users\G522982\.m2\repositorydevops\jakarta\activation\jakarta.activation-api\1.2.1\jakarta.activation-api-1.2.1.jar;C:\Users\G522982\.m2\repositorydevops\org\junit\jupiter\junit-jupiter\5.5.2\junit-jupiter-5.5.2.jar;C:\Users\G522982\.m2\repositorydevops\org\junit\jupiter\junit-jupiter-api\5.5.2\junit-jupiter-api-5.5.2.jar;C:\Users\G522982\.m2\repositorydevops\org\opentest4j\opentest4j\1.2.0\opentest4j-1.2.0.jar;C:\Users\G522982\.m2\repositorydevops\org\junit\platform\junit-platform-commons\1.5.2\junit-platform-commons-1.5.2.jar;C:\Users\G522982\.m2\repositorydevops\org\junit\jupiter\junit-jupiter-params\5.5.2\junit-jupiter-params-5.5.2.jar;C:\Users\G522982\.m2\repositorydevops\org\junit\jupiter\junit-jupiter-engine\5.5.2\junit-jupiter-engine-5.5.2.jar;C:\Users\G522982\.m2\repositorydevops\org\junit\vintage\junit-vintage-engine\5.5.2\junit-vintage-engine-5.5.2.jar;C:\Users\G522982\.m2\repositorydevops\org\apiguardian\apiguardian-api\1.1.0\apiguardian-api-1.1.0.jar;C:\Users\G522982\.m2\repositorydevops\org\junit\platform\junit-platform-engine\1.5.2\junit-platform-engine-1.5.2.jar;C:\Users\G522982\.m2\repositorydevops\junit\junit\4.12\junit-4.12.jar;C:\Users\G522982\.m2\repositorydevops\org\mockito\mockito-junit-jupiter\3.1.0\mockito-junit-jupiter-3.1.0.jar;C:\Users\G522982\.m2\repositorydevops\org\assertj\assertj-core\3.13.2\assertj-core-3.13.2.jar;C:\Users\G522982\.m2\repositorydevops\org\hamcrest\hamcrest\2.1\hamcrest-2.1.jar;C:\Users\G522982\.m2\repositorydevops\org\mockito\mockito-core\3.1.0\mockito-core-3.1.0.jar;C:\Users\G522982\.m2\repositorydevops\net\bytebuddy\byte-buddy\1.10.2\byte-buddy-1.10.2.jar;C:\Users\G522982\.m2\repositorydevops\net\bytebuddy\byte-buddy-agent\1.10.2\byte-buddy-agent-1.10.2.jar;C:\Users\G522982\.m2\repositorydevops\org\objenesis\objenesis\2.6\objenesis-2.6.jar;C:\Users\G522982\.m2\repositorydevops\org\skyscreamer\jsonassert\1.5.0\jsonassert-1.5.0.jar;C:\Users\G522982\.m2\repositorydevops\com\vaadin\external\google\android-json\0.0.20131108.vaadin1\android-json-0.0.20131108.vaadin1.jar;C:\Users\G522982\.m2\repositorydevops\org\springframework\spring-core\5.2.1.RELEASE\spring-core-5.2.1.RELEASE.jar;C:\Users\G522982\.m2\repositorydevops\org\springframework\spring-jcl\5.2.1.RELEASE\spring-jcl-5.2.1.RELEASE.jar;C:\Users\G522982\.m2\repositorydevops\org\springframework\spring-test\5.2.1.RELEASE\spring-test-5.2.1.RELEASE.jar;C:\Users\G522982\.m2\repositorydevops\org\xmlunit\xmlunit-core\2.6.3\xmlunit-core-2.6.3.jar;C:\Users\G522982\.m2\repositorydevops\com\jayway\jsonpath\json-path\2.4.0\json-path-2.4.0.jar;C:\Users\G522982\.m2\repositorydevops\net\minidev\json-smart\2.3\json-smart-2.3.jar;C:\Users\G522982\.m2\repositorydevops\net\minidev\accessors-smart\1.2\accessors-smart-1.2.jar;C:\Users\G522982\.m2\repositorydevops\org\ow2\asm\asm\5.0.4\asm-5.0.4.jar;C:\Users\G522982\.m2\repositorydevops\org\slf4j\slf4j-api\1.7.29\slf4j-api-1.7.29.jar;"/>
    <property name="java.vm.vendor" value="Oracle Corporation"/>
    <property name="sun.arch.data.model" value="64"/>
    <property name="user.variant" value=""/>
    <property name="java.vendor.url" value="http://java.oracle.com/"/>
    <property name="user.timezone" value="Africa/Casablanca"/>
    <property name="java.vm.specification.version" value="1.8"/>
    <property name="os.name" value="Windows 10"/>
    <property name="user.country" value="FR"/>
    <property name="sun.java.launcher" value="SUN_STANDARD"/>
    <property name="sun.boot.library.path" value="C:\Users\G522982\tools\jdk1.8.0_181\jre\bin"/>
    <property name="sun.java.command" value="C:\Users\G522982\AppData\Local\Temp\surefire411343759366681860\surefirebooter2943447664886553441.jar C:\Users\G522982\AppData\Local\Temp\surefire411343759366681860 2019-11-20T16-22-09_646-jvmRun1 surefire1756205428085474956tmp surefire_09067421417774277210tmp"/>
    <property name="surefire.test.class.path" value="C:\Users\G522982\Desktop\formation_devops\projects\twomicroservice\gs-rest-service-first\target\test-classes;C:\Users\G522982\Desktop\formation_devops\projects\twomicroservice\gs-rest-service-first\target\classes;C:\Users\G522982\.m2\repositorydevops\org\springframework\boot\spring-boot-starter-web\2.2.1.RELEASE\spring-boot-starter-web-2.2.1.RELEASE.jar;C:\Users\G522982\.m2\repositorydevops\org\springframework\boot\spring-boot-starter\2.2.1.RELEASE\spring-boot-starter-2.2.1.RELEASE.jar;C:\Users\G522982\.m2\repositorydevops\org\springframework\boot\spring-boot\2.2.1.RELEASE\spring-boot-2.2.1.RELEASE.jar;C:\Users\G522982\.m2\repositorydevops\org\springframework\boot\spring-boot-autoconfigure\2.2.1.RELEASE\spring-boot-autoconfigure-2.2.1.RELEASE.jar;C:\Users\G522982\.m2\repositorydevops\org\springframework\boot\spring-boot-starter-logging\2.2.1.RELEASE\spring-boot-starter-logging-2.2.1.RELEASE.jar;C:\Users\G522982\.m2\repositorydevops\ch\qos\logback\logback-classic\1.2.3\logback-classic-1.2.3.jar;C:\Users\G522982\.m2\repositorydevops\ch\qos\logback\logback-core\1.2.3\logback-core-1.2.3.jar;C:\Users\G522982\.m2\repositorydevops\org\apache\logging\log4j\log4j-to-slf4j\2.12.1\log4j-to-slf4j-2.12.1.jar;C:\Users\G522982\.m2\repositorydevops\org\apache\logging\log4j\log4j-api\2.12.1\log4j-api-2.12.1.jar;C:\Users\G522982\.m2\repositorydevops\org\slf4j\jul-to-slf4j\1.7.29\jul-to-slf4j-1.7.29.jar;C:\Users\G522982\.m2\repositorydevops\jakarta\annotation\jakarta.annotation-api\1.3.5\jakarta.annotation-api-1.3.5.jar;C:\Users\G522982\.m2\repositorydevops\org\yaml\snakeyaml\1.25\snakeyaml-1.25.jar;C:\Users\G522982\.m2\repositorydevops\org\springframework\boot\spring-boot-starter-json\2.2.1.RELEASE\spring-boot-starter-json-2.2.1.RELEASE.jar;C:\Users\G522982\.m2\repositorydevops\com\fasterxml\jackson\core\jackson-databind\2.10.0\jackson-databind-2.10.0.jar;C:\Users\G522982\.m2\repositorydevops\com\fasterxml\jackson\core\jackson-annotations\2.10.0\jackson-annotations-2.10.0.jar;C:\Users\G522982\.m2\repositorydevops\com\fasterxml\jackson\core\jackson-core\2.10.0\jackson-core-2.10.0.jar;C:\Users\G522982\.m2\repositorydevops\com\fasterxml\jackson\datatype\jackson-datatype-jdk8\2.10.0\jackson-datatype-jdk8-2.10.0.jar;C:\Users\G522982\.m2\repositorydevops\com\fasterxml\jackson\datatype\jackson-datatype-jsr310\2.10.0\jackson-datatype-jsr310-2.10.0.jar;C:\Users\G522982\.m2\repositorydevops\com\fasterxml\jackson\module\jackson-module-parameter-names\2.10.0\jackson-module-parameter-names-2.10.0.jar;C:\Users\G522982\.m2\repositorydevops\org\springframework\boot\spring-boot-starter-tomcat\2.2.1.RELEASE\spring-boot-starter-tomcat-2.2.1.RELEASE.jar;C:\Users\G522982\.m2\repositorydevops\org\apache\tomcat\embed\tomcat-embed-core\9.0.27\tomcat-embed-core-9.0.27.jar;C:\Users\G522982\.m2\repositorydevops\org\apache\tomcat\embed\tomcat-embed-el\9.0.27\tomcat-embed-el-9.0.27.jar;C:\Users\G522982\.m2\repositorydevops\org\apache\tomcat\embed\tomcat-embed-websocket\9.0.27\tomcat-embed-websocket-9.0.27.jar;C:\Users\G522982\.m2\repositorydevops\org\springframework\boot\spring-boot-starter-validation\2.2.1.RELEASE\spring-boot-starter-validation-2.2.1.RELEASE.jar;C:\Users\G522982\.m2\repositorydevops\jakarta\validation\jakarta.validation-api\2.0.1\jakarta.validation-api-2.0.1.jar;C:\Users\G522982\.m2\repositorydevops\org\hibernate\validator\hibernate-validator\6.0.18.Final\hibernate-validator-6.0.18.Final.jar;C:\Users\G522982\.m2\repositorydevops\org\jboss\logging\jboss-logging\3.4.1.Final\jboss-logging-3.4.1.Final.jar;C:\Users\G522982\.m2\repositorydevops\com\fasterxml\classmate\1.5.1\classmate-1.5.1.jar;C:\Users\G522982\.m2\repositorydevops\org\springframework\spring-web\5.2.1.RELEASE\spring-web-5.2.1.RELEASE.jar;C:\Users\G522982\.m2\repositorydevops\org\springframework\spring-beans\5.2.1.RELEASE\spring-beans-5.2.1.RELEASE.jar;C:\Users\G522982\.m2\repositorydevops\org\springframework\spring-webmvc\5.2.1.RELEASE\spring-webmvc-5.2.1.RELEASE.jar;C:\Users\G522982\.m2\repositorydevops\org\springframework\spring-aop\5.2.1.RELEASE\spring-aop-5.2.1.RELEASE.jar;C:\Users\G522982\.m2\repositorydevops\org\springframework\spring-context\5.2.1.RELEASE\spring-context-5.2.1.RELEASE.jar;C:\Users\G522982\.m2\repositorydevops\org\springframework\spring-expression\5.2.1.RELEASE\spring-expression-5.2.1.RELEASE.jar;C:\Users\G522982\.m2\repositorydevops\org\springframework\boot\spring-boot-starter-test\2.2.1.RELEASE\spring-boot-starter-test-2.2.1.RELEASE.jar;C:\Users\G522982\.m2\repositorydevops\org\springframework\boot\spring-boot-test\2.2.1.RELEASE\spring-boot-test-2.2.1.RELEASE.jar;C:\Users\G522982\.m2\repositorydevops\org\springframework\boot\spring-boot-test-autoconfigure\2.2.1.RELEASE\spring-boot-test-autoconfigure-2.2.1.RELEASE.jar;C:\Users\G522982\.m2\repositorydevops\jakarta\xml\bind\jakarta.xml.bind-api\2.3.2\jakarta.xml.bind-api-2.3.2.jar;C:\Users\G522982\.m2\repositorydevops\jakarta\activation\jakarta.activation-api\1.2.1\jakarta.activation-api-1.2.1.jar;C:\Users\G522982\.m2\repositorydevops\org\junit\jupiter\junit-jupiter\5.5.2\junit-jupiter-5.5.2.jar;C:\Users\G522982\.m2\repositorydevops\org\junit\jupiter\junit-jupiter-api\5.5.2\junit-jupiter-api-5.5.2.jar;C:\Users\G522982\.m2\repositorydevops\org\opentest4j\opentest4j\1.2.0\opentest4j-1.2.0.jar;C:\Users\G522982\.m2\repositorydevops\org\junit\platform\junit-platform-commons\1.5.2\junit-platform-commons-1.5.2.jar;C:\Users\G522982\.m2\repositorydevops\org\junit\jupiter\junit-jupiter-params\5.5.2\junit-jupiter-params-5.5.2.jar;C:\Users\G522982\.m2\repositorydevops\org\junit\jupiter\junit-jupiter-engine\5.5.2\junit-jupiter-engine-5.5.2.jar;C:\Users\G522982\.m2\repositorydevops\org\junit\vintage\junit-vintage-engine\5.5.2\junit-vintage-engine-5.5.2.jar;C:\Users\G522982\.m2\repositorydevops\org\apiguardian\apiguardian-api\1.1.0\apiguardian-api-1.1.0.jar;C:\Users\G522982\.m2\repositorydevops\org\junit\platform\junit-platform-engine\1.5.2\junit-platform-engine-1.5.2.jar;C:\Users\G522982\.m2\repositorydevops\junit\junit\4.12\junit-4.12.jar;C:\Users\G522982\.m2\repositorydevops\org\mockito\mockito-junit-jupiter\3.1.0\mockito-junit-jupiter-3.1.0.jar;C:\Users\G522982\.m2\repositorydevops\org\assertj\assertj-core\3.13.2\assertj-core-3.13.2.jar;C:\Users\G522982\.m2\repositorydevops\org\hamcrest\hamcrest\2.1\hamcrest-2.1.jar;C:\Users\G522982\.m2\repositorydevops\org\mockito\mockito-core\3.1.0\mockito-core-3.1.0.jar;C:\Users\G522982\.m2\repositorydevops\net\bytebuddy\byte-buddy\1.10.2\byte-buddy-1.10.2.jar;C:\Users\G522982\.m2\repositorydevops\net\bytebuddy\byte-buddy-agent\1.10.2\byte-buddy-agent-1.10.2.jar;C:\Users\G522982\.m2\repositorydevops\org\objenesis\objenesis\2.6\objenesis-2.6.jar;C:\Users\G522982\.m2\repositorydevops\org\skyscreamer\jsonassert\1.5.0\jsonassert-1.5.0.jar;C:\Users\G522982\.m2\repositorydevops\com\vaadin\external\google\android-json\0.0.20131108.vaadin1\android-json-0.0.20131108.vaadin1.jar;C:\Users\G522982\.m2\repositorydevops\org\springframework\spring-core\5.2.1.RELEASE\spring-core-5.2.1.RELEASE.jar;C:\Users\G522982\.m2\repositorydevops\org\springframework\spring-jcl\5.2.1.RELEASE\spring-jcl-5.2.1.RELEASE.jar;C:\Users\G522982\.m2\repositorydevops\org\springframework\spring-test\5.2.1.RELEASE\spring-test-5.2.1.RELEASE.jar;C:\Users\G522982\.m2\repositorydevops\org\xmlunit\xmlunit-core\2.6.3\xmlunit-core-2.6.3.jar;C:\Users\G522982\.m2\repositorydevops\com\jayway\jsonpath\json-path\2.4.0\json-path-2.4.0.jar;C:\Users\G522982\.m2\repositorydevops\net\minidev\json-smart\2.3\json-smart-2.3.jar;C:\Users\G522982\.m2\repositorydevops\net\minidev\accessors-smart\1.2\accessors-smart-1.2.jar;C:\Users\G522982\.m2\repositorydevops\org\ow2\asm\asm\5.0.4\asm-5.0.4.jar;C:\Users\G522982\.m2\repositorydevops\org\slf4j\slf4j-api\1.7.29\slf4j-api-1.7.29.jar;"/>
    <property name="sun.cpu.endian" value="little"/>
    <property name="user.home" value="C:\Users\G522982"/>
    <property name="user.language" value="fr"/>
    <property name="java.specification.vendor" value="Oracle Corporation"/>
    <property name="java.home" value="C:\Users\G522982\tools\jdk1.8.0_181\jre"/>
    <property name="basedir" value="C:\Users\G522982\Desktop\formation_devops\projects\twomicroservice\gs-rest-service-first"/>
    <property name="style.color" value="always"/>
    <property name="file.separator" value="\"/>
    <property name="line.separator" value="&#10;"/>
    <property name="java.vm.specification.vendor" value="Oracle Corporation"/>
    <property name="java.specification.name" value="Java Platform API Specification"/>
    <property name="java.awt.graphicsenv" value="sun.awt.Win32GraphicsEnvironment"/>
    <property name="surefire.real.class.path" value="C:\Users\G522982\AppData\Local\Temp\surefire411343759366681860\surefirebooter2943447664886553441.jar"/>
    <property name="sun.boot.class.path" value="C:\Users\G522982\tools\jdk1.8.0_181\jre\lib\resources.jar;C:\Users\G522982\tools\jdk1.8.0_181\jre\lib\rt.jar;C:\Users\G522982\tools\jdk1.8.0_181\jre\lib\sunrsasign.jar;C:\Users\G522982\tools\jdk1.8.0_181\jre\lib\jsse.jar;C:\Users\G522982\tools\jdk1.8.0_181\jre\lib\jce.jar;C:\Users\G522982\tools\jdk1.8.0_181\jre\lib\charsets.jar;C:\Users\G522982\tools\jdk1.8.0_181\jre\lib\jfr.jar;C:\Users\G522982\tools\jdk1.8.0_181\jre\classes"/>
    <property name="user.script" value=""/>
    <property name="sun.management.compiler" value="HotSpot 64-Bit Tiered Compilers"/>
    <property name="java.runtime.version" value="1.8.0_181-b13"/>
    <property name="user.name" value="G522982"/>
    <property name="path.separator" value=";"/>
    <property name="os.version" value="10.0"/>
    <property name="java.endorsed.dirs" value="C:\Users\G522982\tools\jdk1.8.0_181\jre\lib\endorsed"/>
    <property name="java.runtime.name" value="Java(TM) SE Runtime Environment"/>
    <property name="file.encoding" value="Cp1252"/>
    <property name="java.vm.name" value="Java HotSpot(TM) 64-Bit Server VM"/>
    <property name="localRepository" value="C:\Users\G522982\.m2\repositorydevops"/>
    <property name="java.vendor.url.bug" value="http://bugreport.sun.com/bugreport/"/>
    <property name="java.io.tmpdir" value="C:\Users\G522982\AppData\Local\Temp\"/>
    <property name="java.version" value="1.8.0_181"/>
    <property name="user.dir" value="C:\Users\G522982\Desktop\formation_devops\projects\twomicroservice\gs-rest-service-first"/>
    <property name="os.arch" value="amd64"/>
    <property name="java.vm.specification.name" value="Java Virtual Machine Specification"/>
    <property name="java.awt.printerjob" value="sun.awt.windows.WPrinterJob"/>
    <property name="sun.os.patch.level" value=""/>
    <property name="java.library.path" value="C:\Users\G522982\tools\jdk1.8.0_181\jre\bin;C:\WINDOWS\Sun\Java\bin;C:\WINDOWS\system32;C:\WINDOWS;C:\Users\G522982\tools\jdk1.8.0_181\jre\bin;C:/Users/G522982/tools/jdk1.8.0_181/bin/../jre/bin/server;C:/Users/G522982/tools/jdk1.8.0_181/bin/../jre/bin;C:/Users/G522982/tools/jdk1.8.0_181/bin/../jre/lib/amd64;C:\ProgramData\DockerDesktop\version-bin;C:\Program Files\Docker\Docker\Resources\bin;C:\WINDOWS\system32;C:\WINDOWS;C:\WINDOWS\System32\Wbem;C:\WINDOWS\System32\WindowsPowerShell\v1.0\;C:\WINDOWS\System32\OpenSSH\;C:\Users\G522982\tools\apache-maven-3.5.4\bin;C:\Users\G522982\tools\jdk1.8.0_181\bin;C:\Program Files\Git\cmd;C:\Users\G522982\tools\cmder_mini\Cmder.exe;C:\Users\G522982\tools\apache-ant-1.10.6\bin;C:\Program Files\TortoiseSVN\bin;C:\Program Files\nodejs\;C:\Users\G522982\AppData\Local\Microsoft\WindowsApps;C:\Users\G522982\AppData\Local\Programs\Microsoft VS Code\bin;C:\Users\G522982\AppData\Local\Programs\Fiddler;C:\Users\G522982\tools\cmder_mini\bin;C:\Users\G522982\AppData\Local\atom\bin;C:\Users\G522982\AppData\Roaming\npm;C:\Users\G522982\tools\sts\sts-4.4.0.RELEASE;;."/>
    <property name="java.vm.info" value="mixed mode"/>
    <property name="java.vendor" value="Oracle Corporation"/>
    <property name="java.vm.version" value="25.181-b13"/>
    <property name="java.ext.dirs" value="C:\Users\G522982\tools\jdk1.8.0_181\jre\lib\ext;C:\WINDOWS\Sun\Java\lib\ext"/>
    <property name="sun.io.unicode.encoding" value="UnicodeLittle"/>
    <property name="java.class.version" value="52.0"/>
  </properties>
  <testcase name="noParamGreetingShouldReturnDefaultMessage" classname="ma.kamal.producerest.GreetingControllerTests" time="0.302"/>
  <testcase name="paramGreetingShouldReturnTailoredMessage" classname="ma.kamal.producerest.GreetingControllerTests" time="0.004"/>
</testsuite>